[0520/222434.362:ERROR:icu_util.cc(179)] Invalid file descriptor to ICU data received.
[0520/222434.363:FATAL:icu_util.cc(311)] Check failed: result. 
Backtrace:
	GetHandleVerifier [0x00007FF9A596BE45+173253]
	GetHandleVerifier [0x00007FF9A5971353+195027]
	QWebEngineUrlSchemeHandler::qt_static_metacall [0x00007FF9A5909DCB+83851]
	QWebEngineCookieStore::d_func [0x00007FF9A5C81553+1734547]
	QtWebEngineCore::FaviconManager::qt_static_metacall [0x00007FF9A58CF45B+319979]
	QtWebEngineCore::WebContentsAdapter::webContents [0x00007FF9A4A827A5+21461]
	QtWebEngineCore::WebContentsAdapter::webContents [0x00007FF9A4A82BC3+22515]
	QtWebEngineCore::BrowserContextAdapter::BrowserContextAdapter [0x00007FF9A4A2B528+248]
	QWebEnginePage::zoomFactor [0x00007FF9EF7EBCB8+280]
	QWebEngineProfile::QWebEngineProfile [0x00007FF9EF7EBF3E+62]
	TableauWebEnginePage::TableauWebEnginePage [0x00007FF9B6289EE1+69]
	HybridUIBootstrap::SetMayUseLocalDevResources [0x00007FF9B627A87D+12265]
	WebEnginePageAllocator::NewPage [0x00007FF9B627AC35+129]
	WebEnginePageAllocator::EnsureMinPooledPages [0x00007FF9B627AA1F+47]
	CalculationEditWidget::GetAutoCompleteMenuController [0x00007FF9B21B0D73+1055]
	MainWindow::GetCentralWidget [0x00007FF9B212E75C+64]
	ShelfWidget::GetDragSourceVisualWnd [0x00007FF9B22B5467+48507]
	MainWindow::Initialize [0x00007FF9B212FEE8+268]
	TApplication::LaunchUI [0x00007FF9B2190F87+939]
	TApplication::Startup [0x00007FF9B2192A95+1013]
	(No symbol) [0x00007FF62B242B23]
	hemp::cmon::BaseLogger::warn [0x00007FF62B255E04+31896]
	hemp::cmon::BaseLogger::warn [0x00007FF62B254CFF+27539]
	BaseThreadInitThunk [0x00007FFA3B894034+20]
	RtlUserThreadStart [0x00007FFA3CF23691+33]

[0520/222516.596:ERROR:icu_util.cc(179)] Invalid file descriptor to ICU data received.
[0520/222516.596:FATAL:icu_util.cc(311)] Check failed: result. 
Backtrace:
	GetHandleVerifier [0x00007FF9A833BE45+173253]
	GetHandleVerifier [0x00007FF9A8341353+195027]
	QWebEngineUrlSchemeHandler::qt_static_metacall [0x00007FF9A82D9DCB+83851]
	QWebEngineCookieStore::d_func [0x00007FF9A8651553+1734547]
	QtWebEngineCore::FaviconManager::qt_static_metacall [0x00007FF9A829F45B+319979]
	QtWebEngineCore::WebContentsAdapter::webContents [0x00007FF9A74527A5+21461]
	QtWebEngineCore::WebContentsAdapter::webContents [0x00007FF9A7452BC3+22515]
	QtWebEngineCore::BrowserContextAdapter::BrowserContextAdapter [0x00007FF9A73FB528+248]
	QWebEnginePage::zoomFactor [0x00007FF9EF7EBCB8+280]
	QWebEngineProfile::QWebEngineProfile [0x00007FF9EF7EBF3E+62]
	TableauWebEnginePage::TableauWebEnginePage [0x00007FF9F7729EE1+69]
	HybridUIBootstrap::SetMayUseLocalDevResources [0x00007FF9F771A87D+12265]
	WebEnginePageAllocator::NewPage [0x00007FF9F771AC35+129]
	WebEnginePageAllocator::EnsureMinPooledPages [0x00007FF9F771AA1F+47]
	CalculationEditWidget::GetAutoCompleteMenuController [0x00007FF9B21B0D73+1055]
	MainWindow::GetCentralWidget [0x00007FF9B212E75C+64]
	ShelfWidget::GetDragSourceVisualWnd [0x00007FF9B22B5467+48507]
	MainWindow::Initialize [0x00007FF9B212FEE8+268]
	TApplication::LaunchUI [0x00007FF9B2190F87+939]
	TApplication::Startup [0x00007FF9B2192A95+1013]
	(No symbol) [0x00007FF62B242B23]
	hemp::cmon::BaseLogger::warn [0x00007FF62B255E04+31896]
	hemp::cmon::BaseLogger::warn [0x00007FF62B254CFF+27539]
	BaseThreadInitThunk [0x00007FFA3B894034+20]
	RtlUserThreadStart [0x00007FFA3CF23691+33]

[0520/222522.879:ERROR:icu_util.cc(179)] Invalid file descriptor to ICU data received.
[0520/222522.879:FATAL:icu_util.cc(311)] Check failed: result. 
Backtrace:
	GetHandleVerifier [0x00007FF9A84BBE45+173253]
	GetHandleVerifier [0x00007FF9A84C1353+195027]
	QWebEngineUrlSchemeHandler::qt_static_metacall [0x00007FF9A8459DCB+83851]
	QWebEngineCookieStore::d_func [0x00007FF9A87D1553+1734547]
	QtWebEngineCore::FaviconManager::qt_static_metacall [0x00007FF9A841F45B+319979]
	QtWebEngineCore::WebContentsAdapter::webContents [0x00007FF9A75D27A5+21461]
	QtWebEngineCore::WebContentsAdapter::webContents [0x00007FF9A75D2BC3+22515]
	QtWebEngineCore::BrowserContextAdapter::BrowserContextAdapter [0x00007FF9A757B528+248]
	QWebEnginePage::zoomFactor [0x00007FF9EF7EBCB8+280]
	QWebEngineProfile::QWebEngineProfile [0x00007FF9EF7EBF3E+62]
	TableauWebEnginePage::TableauWebEnginePage [0x00007FF9F7729EE1+69]
	HybridUIBootstrap::SetMayUseLocalDevResources [0x00007FF9F771A87D+12265]
	WebEnginePageAllocator::NewPage [0x00007FF9F771AC35+129]
	WebEnginePageAllocator::EnsureMinPooledPages [0x00007FF9F771AA1F+47]
	CalculationEditWidget::GetAutoCompleteMenuController [0x00007FF9B21B0D73+1055]
	MainWindow::GetCentralWidget [0x00007FF9B212E75C+64]
	ShelfWidget::GetDragSourceVisualWnd [0x00007FF9B22B5467+48507]
	MainWindow::Initialize [0x00007FF9B212FEE8+268]
	TApplication::LaunchUI [0x00007FF9B2190F87+939]
	TApplication::Startup [0x00007FF9B2192A95+1013]
	(No symbol) [0x00007FF62B242B23]
	hemp::cmon::BaseLogger::warn [0x00007FF62B255E04+31896]
	hemp::cmon::BaseLogger::warn [0x00007FF62B254CFF+27539]
	BaseThreadInitThunk [0x00007FFA3B894034+20]
	RtlUserThreadStart [0x00007FFA3CF23691+33]

